# JRE version: Java(TM) SE Runtime Environment (8.0_40-b25) (build 1.8.0_40-b25)
# Java VM: Java HotSpot(TM) 64-Bit Server VM (25.40-b25 mixed mode windows-amd64 compressed oops)
Heap:
 PSYoungGen      total 238592K, used 73031K [0x00000000e0000000, 0x00000000f1880000, 0x0000000100000000)
  eden space 205312K, 19% used [0x00000000e0000000,0x00000000e26d3ae0,0x00000000ec880000)
  from space 33280K, 99% used [0x00000000ef600000,0x00000000f167e230,0x00000000f1680000)
  to   space 40960K, 0% used [0x00000000ec880000,0x00000000ec880000,0x00000000ef080000)
 ParOldGen       total 144384K, used 48345K [0x00000000a0000000, 0x00000000a8d00000, 0x00000000e0000000)
  object space 144384K, 33% used [0x00000000a0000000,0x00000000a2f364d0,0x00000000a8d00000)
 Metaspace       used 81323K, capacity 87358K, committed 87552K, reserved 1124352K
  class space    used 10739K, capacity 11713K, committed 11776K, reserved 1048576K
GC Heap History (10 events):
Event: 416.773 GC heap before
{Heap before GC invocations=15 (full 3):
 PSYoungGen      total 232960K, used 232955K [0x00000000e0000000, 0x00000000f1f80000, 0x0000000100000000)
  eden space 209920K, 100% used [0x00000000e0000000,0x00000000ecd00000,0x00000000ecd00000)
  from space 23040K, 99% used [0x00000000ecd00000,0x00000000ee37eda0,0x00000000ee380000)
  to   space 26624K, 0% used [0x00000000f0580000,0x00000000f0580000,0x00000000f1f80000)
 ParOldGen       total 144384K, used 38671K [0x00000000a0000000, 0x00000000a8d00000, 0x00000000e0000000)
  object space 144384K, 26% used [0x00000000a0000000,0x00000000a25c3f70,0x00000000a8d00000)
 Metaspace       used 73188K, capacity 77268K, committed 77312K, reserved 1116160K
  class space    used 9751K, capacity 10487K, committed 10496K, reserved 1048576K
Event: 416.833 GC heap after
Heap after GC invocations=15 (full 3):
 PSYoungGen      total 256512K, used 17113K [0x00000000e0000000, 0x00000000f1a00000, 0x0000000100000000)
  eden space 235520K, 0% used [0x00000000e0000000,0x00000000e0000000,0x00000000ee600000)
  from space 20992K, 81% used [0x00000000f0580000,0x00000000f1636558,0x00000000f1a00000)
  to   space 26624K, 0% used [0x00000000ee600000,0x00000000ee600000,0x00000000f0000000)
 ParOldGen       total 144384K, used 47553K [0x00000000a0000000, 0x00000000a8d00000, 0x00000000e0000000)
  object space 144384K, 32% used [0x00000000a0000000,0x00000000a2e704d0,0x00000000a8d00000)
 Metaspace       used 73188K, capacity 77268K, committed 77312K, reserved 1116160K
  class space    used 9751K, capacity 10487K, committed 10496K, reserved 1048576K
}
Event: 500.818 GC heap before
{Heap before GC invocations=16 (full 3):
 PSYoungGen      total 256512K, used 252633K [0x00000000e0000000, 0x00000000f1a00000, 0x0000000100000000)
  eden space 235520K, 100% used [0x00000000e0000000,0x00000000ee600000,0x00000000ee600000)
  from space 20992K, 81% used [0x00000000f0580000,0x00000000f1636558,0x00000000f1a00000)
  to   space 26624K, 0% used [0x00000000ee600000,0x00000000ee600000,0x00000000f0000000)
 ParOldGen       total 144384K, used 47553K [0x00000000a0000000, 0x00000000a8d00000, 0x00000000e0000000)
  object space 144384K, 32% used [0x00000000a0000000,0x00000000a2e704d0,0x00000000a8d00000)
 Metaspace       used 78850K, capacity 83360K, committed 83584K, reserved 1122304K
  class space    used 10478K, capacity 11278K, committed 11392K, reserved 1048576K
Event: 500.843 GC heap after
Heap after GC invocations=16 (full 3):
 PSYoungGen      total 251392K, used 24030K [0x00000000e0000000, 0x00000000f1800000, 0x0000000100000000)
  eden space 227328K, 0% used [0x00000000e0000000,0x00000000e0000000,0x00000000ede00000)
  from space 24064K, 99% used [0x00000000ee600000,0x00000000efd77ae0,0x00000000efd80000)
  to   space 27136K, 0% used [0x00000000efd80000,0x00000000efd80000,0x00000000f1800000)
 ParOldGen       total 144384K, used 47561K [0x00000000a0000000, 0x00000000a8d00000, 0x00000000e0000000)
  object space 144384K, 32% used [0x00000000a0000000,0x00000000a2e724d0,0x00000000a8d00000)
 Metaspace       used 78850K, capacity 83360K, committed 83584K, reserved 1122304K
  class space    used 10478K, capacity 11278K, committed 11392K, reserved 1048576K
}
Event: 914.591 GC heap before
{Heap before GC invocations=17 (full 3):
 PSYoungGen      total 251392K, used 251358K [0x00000000e0000000, 0x00000000f1800000, 0x0000000100000000)
  eden space 227328K, 100% used [0x00000000e0000000,0x00000000ede00000,0x00000000ede00000)
  from space 24064K, 99% used [0x00000000ee600000,0x00000000efd77ae0,0x00000000efd80000)
  to   space 27136K, 0% used [0x00000000efd80000,0x00000000efd80000,0x00000000f1800000)
 ParOldGen       total 144384K, used 47561K [0x00000000a0000000, 0x00000000a8d00000, 0x00000000e0000000)
  object space 144384K, 32% used [0x00000000a0000000,0x00000000a2e724d0,0x00000000a8d00000)
 Metaspace       used 79514K, capacity 84548K, committed 84608K, reserved 1122304K
  class space    used 10549K, capacity 11374K, committed 11392K, reserved 1048576K
Event: 914.625 GC heap after
Heap after GC invocations=17 (full 3):
 PSYoungGen      total 245248K, used 25538K [0x00000000e0000000, 0x00000000f1680000, 0x0000000100000000)
  eden space 219648K, 0% used [0x00000000e0000000,0x00000000e0000000,0x00000000ed680000)
  from space 25600K, 99% used [0x00000000efd80000,0x00000000f1670af8,0x00000000f1680000)
  to   space 32256K, 0% used [0x00000000ed780000,0x00000000ed780000,0x00000000ef700000)
 ParOldGen       total 144384K, used 47569K [0x00000000a0000000, 0x00000000a8d00000, 0x00000000e0000000)
  object space 144384K, 32% used [0x00000000a0000000,0x00000000a2e744d0,0x00000000a8d00000)
 Metaspace       used 79514K, capacity 84548K, committed 84608K, reserved 1122304K
  class space    used 10549K, capacity 11374K, committed 11392K, reserved 1048576K
}
Event: 988.996 GC heap before
{Heap before GC invocations=18 (full 3):
 PSYoungGen      total 245248K, used 245186K [0x00000000e0000000, 0x00000000f1680000, 0x0000000100000000)
  eden space 219648K, 100% used [0x00000000e0000000,0x00000000ed680000,0x00000000ed680000)
  from space 25600K, 99% used [0x00000000efd80000,0x00000000f1670af8,0x00000000f1680000)
  to   space 32256K, 0% used [0x00000000ed780000,0x00000000ed780000,0x00000000ef700000)
 ParOldGen       total 144384K, used 47569K [0x00000000a0000000, 0x00000000a8d00000, 0x00000000e0000000)
  object space 144384K, 32% used [0x00000000a0000000,0x00000000a2e744d0,0x00000000a8d00000)
 Metaspace       used 80199K, capacity 85548K, committed 85760K, reserved 1124352K
  class space    used 10628K, capacity 11515K, committed 11520K, reserved 1048576K
Event: 989.046 GC heap after
Heap after GC invocations=18 (full 3):
 PSYoungGen      total 243712K, used 31160K [0x00000000e0000000, 0x00000000f1680000, 0x0000000100000000)
  eden space 212480K, 0% used [0x00000000e0000000,0x00000000e0000000,0x00000000ecf80000)
  from space 31232K, 99% used [0x00000000ed780000,0x00000000ef5ee1f0,0x00000000ef600000)
  to   space 33280K, 0% used [0x00000000ef600000,0x00000000ef600000,0x00000000f1680000)
 ParOldGen       total 144384K, used 47577K [0x00000000a0000000, 0x00000000a8d00000, 0x00000000e0000000)
  object space 144384K, 32% used [0x00000000a0000000,0x00000000a2e764d0,0x00000000a8d00000)
 Metaspace       used 80199K, capacity 85548K, committed 85760K, reserved 1124352K
  class space    used 10628K, capacity 11515K, committed 11520K, reserved 1048576K
}
Event: 1043.397 GC heap before
{Heap before GC invocations=19 (full 3):
 PSYoungGen      total 243712K, used 243640K [0x00000000e0000000, 0x00000000f1680000, 0x0000000100000000)
  eden space 212480K, 100% used [0x00000000e0000000,0x00000000ecf80000,0x00000000ecf80000)
  from space 31232K, 99% used [0x00000000ed780000,0x00000000ef5ee1f0,0x00000000ef600000)
  to   space 33280K, 0% used [0x00000000ef600000,0x00000000ef600000,0x00000000f1680000)
 ParOldGen       total 144384K, used 47577K [0x00000000a0000000, 0x00000000a8d00000, 0x00000000e0000000)
  object space 144384K, 32% used [0x00000000a0000000,0x00000000a2e764d0,0x00000000a8d00000)
 Metaspace       used 81240K, capacity 87284K, committed 87552K, reserved 1124352K
  class space    used 10738K, capacity 11712K, committed 11776K, reserved 1048576K
Event: 1043.431 GC heap after
Heap after GC invocations=19 (full 3):
 PSYoungGen      total 238592K, used 33272K [0x00000000e0000000, 0x00000000f1880000, 0x0000000100000000)
  eden space 205312K, 0% used [0x00000000e0000000,0x00000000e0000000,0x00000000ec880000)
  from space 33280K, 99% used [0x00000000ef600000,0x00000000f167e230,0x00000000f1680000)
  to   space 40960K, 0% used [0x00000000ec880000,0x00000000ec880000,0x00000000ef080000)
 ParOldGen       total 144384K, used 48345K [0x00000000a0000000, 0x00000000a8d00000, 0x00000000e0000000)
  object space 144384K, 33% used [0x00000000a0000000,0x00000000a2f364d0,0x00000000a8d00000)
 Metaspace       used 81240K, capacity 87284K, committed 87552K, reserved 1124352K
  class space    used 10738K, capacity 11712K, committed 11776K, reserved 1048576K
}

