# JRE version: Java(TM) SE Runtime Environment (8.0_40-b25) (build 1.8.0_40-b25)
# Java VM: Java HotSpot(TM) 64-Bit Server VM (25.40-b25 mixed mode windows-amd64 compressed oops)
Heap:
 PSYoungGen      total 472576K, used 139106K [0x00000000e0000000, 0x00000000ffb00000, 0x0000000100000000)
  eden space 428032K, 29% used [0x00000000e0000000,0x00000000e7980ee0,0x00000000fa200000)
  from space 44544K, 32% used [0x00000000fcf80000,0x00000000fddd7c20,0x00000000ffb00000)
  to   space 45568K, 0% used [0x00000000fa200000,0x00000000fa200000,0x00000000fce80000)
 ParOldGen       total 199680K, used 67985K [0x00000000a0000000, 0x00000000ac300000, 0x00000000e0000000)
  object space 199680K, 34% used [0x00000000a0000000,0x00000000a42645c0,0x00000000ac300000)
 Metaspace       used 112957K, capacity 120254K, committed 120576K, reserved 1153024K
  class space    used 14868K, capacity 16043K, committed 16128K, reserved 1048576K
GC Heap History (10 events):
Event: 3577.633 GC heap before
{Heap before GC invocations=44 (full 4):
 PSYoungGen      total 370176K, used 337255K [0x00000000e0000000, 0x00000000fd180000, 0x0000000100000000)
  eden space 318976K, 100% used [0x00000000e0000000,0x00000000f3780000,0x00000000f3780000)
  from space 51200K, 35% used [0x00000000f3780000,0x00000000f4959fb8,0x00000000f6980000)
  to   space 50688K, 0% used [0x00000000fa000000,0x00000000fa000000,0x00000000fd180000)
 ParOldGen       total 199680K, used 65113K [0x00000000a0000000, 0x00000000ac300000, 0x00000000e0000000)
  object space 199680K, 32% used [0x00000000a0000000,0x00000000a3f96540,0x00000000ac300000)
 Metaspace       used 112859K, capacity 120184K, committed 120320K, reserved 1153024K
  class space    used 14858K, capacity 16042K, committed 16128K, reserved 1048576K
Event: 3577.644 GC heap after
Heap after GC invocations=44 (full 4):
 PSYoungGen      total 419840K, used 3247K [0x00000000e0000000, 0x00000000fd000000, 0x0000000100000000)
  eden space 370688K, 0% used [0x00000000e0000000,0x00000000e0000000,0x00000000f6a00000)
  from space 49152K, 6% used [0x00000000fa000000,0x00000000fa32bc90,0x00000000fd000000)
  to   space 52224K, 0% used [0x00000000f6a00000,0x00000000f6a00000,0x00000000f9d00000)
 ParOldGen       total 199680K, used 67601K [0x00000000a0000000, 0x00000000ac300000, 0x00000000e0000000)
  object space 199680K, 33% used [0x00000000a0000000,0x00000000a42045c0,0x00000000ac300000)
 Metaspace       used 112859K, capacity 120184K, committed 120320K, reserved 1153024K
  class space    used 14858K, capacity 16042K, committed 16128K, reserved 1048576K
}
Event: 3578.978 GC heap before
{Heap before GC invocations=45 (full 4):
 PSYoungGen      total 419840K, used 373935K [0x00000000e0000000, 0x00000000fd000000, 0x0000000100000000)
  eden space 370688K, 100% used [0x00000000e0000000,0x00000000f6a00000,0x00000000f6a00000)
  from space 49152K, 6% used [0x00000000fa000000,0x00000000fa32bc90,0x00000000fd000000)
  to   space 52224K, 0% used [0x00000000f6a00000,0x00000000f6a00000,0x00000000f9d00000)
 ParOldGen       total 199680K, used 67601K [0x00000000a0000000, 0x00000000ac300000, 0x00000000e0000000)
  object space 199680K, 33% used [0x00000000a0000000,0x00000000a42045c0,0x00000000ac300000)
 Metaspace       used 112869K, capacity 120184K, committed 120320K, reserved 1153024K
  class space    used 14858K, capacity 16042K, committed 16128K, reserved 1048576K
Event: 3578.999 GC heap after
Heap after GC invocations=45 (full 4):
 PSYoungGen      total 422912K, used 11340K [0x00000000e0000000, 0x00000000ffe80000, 0x0000000100000000)
  eden space 370688K, 0% used [0x00000000e0000000,0x00000000e0000000,0x00000000f6a00000)
  from space 52224K, 21% used [0x00000000f6a00000,0x00000000f7513328,0x00000000f9d00000)
  to   space 51200K, 0% used [0x00000000fcc80000,0x00000000fcc80000,0x00000000ffe80000)
 ParOldGen       total 199680K, used 67761K [0x00000000a0000000, 0x00000000ac300000, 0x00000000e0000000)
  object space 199680K, 33% used [0x00000000a0000000,0x00000000a422c5c0,0x00000000ac300000)
 Metaspace       used 112869K, capacity 120184K, committed 120320K, reserved 1153024K
  class space    used 14858K, capacity 16042K, committed 16128K, reserved 1048576K
}
Event: 3579.659 GC heap before
{Heap before GC invocations=46 (full 4):
 PSYoungGen      total 422912K, used 382028K [0x00000000e0000000, 0x00000000ffe80000, 0x0000000100000000)
  eden space 370688K, 100% used [0x00000000e0000000,0x00000000f6a00000,0x00000000f6a00000)
  from space 52224K, 21% used [0x00000000f6a00000,0x00000000f7513328,0x00000000f9d00000)
  to   space 51200K, 0% used [0x00000000fcc80000,0x00000000fcc80000,0x00000000ffe80000)
 ParOldGen       total 199680K, used 67761K [0x00000000a0000000, 0x00000000ac300000, 0x00000000e0000000)
  object space 199680K, 33% used [0x00000000a0000000,0x00000000a422c5c0,0x00000000ac300000)
 Metaspace       used 112875K, capacity 120184K, committed 120320K, reserved 1153024K
  class space    used 14858K, capacity 16042K, committed 16128K, reserved 1048576K
Event: 3579.692 GC heap after
Heap after GC invocations=46 (full 4):
 PSYoungGen      total 468480K, used 20676K [0x00000000e0000000, 0x00000000ffb00000, 0x0000000100000000)
  eden space 420864K, 0% used [0x00000000e0000000,0x00000000e0000000,0x00000000f9b00000)
  from space 47616K, 43% used [0x00000000fcc80000,0x00000000fe0b13f8,0x00000000ffb00000)
  to   space 49152K, 0% used [0x00000000f9b00000,0x00000000f9b00000,0x00000000fcb00000)
 ParOldGen       total 199680K, used 67865K [0x00000000a0000000, 0x00000000ac300000, 0x00000000e0000000)
  object space 199680K, 33% used [0x00000000a0000000,0x00000000a42465c0,0x00000000ac300000)
 Metaspace       used 112875K, capacity 120184K, committed 120320K, reserved 1153024K
  class space    used 14858K, capacity 16042K, committed 16128K, reserved 1048576K
}
Event: 3581.117 GC heap before
{Heap before GC invocations=47 (full 4):
 PSYoungGen      total 468480K, used 441540K [0x00000000e0000000, 0x00000000ffb00000, 0x0000000100000000)
  eden space 420864K, 100% used [0x00000000e0000000,0x00000000f9b00000,0x00000000f9b00000)
  from space 47616K, 43% used [0x00000000fcc80000,0x00000000fe0b13f8,0x00000000ffb00000)
  to   space 49152K, 0% used [0x00000000f9b00000,0x00000000f9b00000,0x00000000fcb00000)
 ParOldGen       total 199680K, used 67865K [0x00000000a0000000, 0x00000000ac300000, 0x00000000e0000000)
  object space 199680K, 33% used [0x00000000a0000000,0x00000000a42465c0,0x00000000ac300000)
 Metaspace       used 112929K, capacity 120254K, committed 120576K, reserved 1153024K
  class space    used 14865K, capacity 16043K, committed 16128K, reserved 1048576K
Event: 3581.153 GC heap after
Heap after GC invocations=47 (full 4):
 PSYoungGen      total 470016K, used 19376K [0x00000000e0000000, 0x00000000ffd80000, 0x0000000100000000)
  eden space 420864K, 0% used [0x00000000e0000000,0x00000000e0000000,0x00000000f9b00000)
  from space 49152K, 39% used [0x00000000f9b00000,0x00000000fadec1c8,0x00000000fcb00000)
  to   space 47104K, 0% used [0x00000000fcf80000,0x00000000fcf80000,0x00000000ffd80000)
 ParOldGen       total 199680K, used 67953K [0x00000000a0000000, 0x00000000ac300000, 0x00000000e0000000)
  object space 199680K, 34% used [0x00000000a0000000,0x00000000a425c5c0,0x00000000ac300000)
 Metaspace       used 112929K, capacity 120254K, committed 120576K, reserved 1153024K
  class space    used 14865K, capacity 16043K, committed 16128K, reserved 1048576K
}
Event: 3583.727 GC heap before
{Heap before GC invocations=48 (full 4):
 PSYoungGen      total 470016K, used 440240K [0x00000000e0000000, 0x00000000ffd80000, 0x0000000100000000)
  eden space 420864K, 100% used [0x00000000e0000000,0x00000000f9b00000,0x00000000f9b00000)
  from space 49152K, 39% used [0x00000000f9b00000,0x00000000fadec1c8,0x00000000fcb00000)
  to   space 47104K, 0% used [0x00000000fcf80000,0x00000000fcf80000,0x00000000ffd80000)
 ParOldGen       total 199680K, used 67953K [0x00000000a0000000, 0x00000000ac300000, 0x00000000e0000000)
  object space 199680K, 34% used [0x00000000a0000000,0x00000000a425c5c0,0x00000000ac300000)
 Metaspace       used 112955K, capacity 120254K, committed 120576K, reserved 1153024K
  class space    used 14867K, capacity 16043K, committed 16128K, reserved 1048576K
Event: 3583.790 GC heap after
Heap after GC invocations=48 (full 4):
 PSYoungGen      total 472576K, used 14687K [0x00000000e0000000, 0x00000000ffb00000, 0x0000000100000000)
  eden space 428032K, 0% used [0x00000000e0000000,0x00000000e0000000,0x00000000fa200000)
  from space 44544K, 32% used [0x00000000fcf80000,0x00000000fddd7c20,0x00000000ffb00000)
  to   space 45568K, 0% used [0x00000000fa200000,0x00000000fa200000,0x00000000fce80000)
 ParOldGen       total 199680K, used 67985K [0x00000000a0000000, 0x00000000ac300000, 0x00000000e0000000)
  object space 199680K, 34% used [0x00000000a0000000,0x00000000a42645c0,0x00000000ac300000)
 Metaspace       used 112955K, capacity 120254K, committed 120576K, reserved 1153024K
  class space    used 14867K, capacity 16043K, committed 16128K, reserved 1048576K
}

