# JRE version: Java(TM) SE Runtime Environment (8.0_40-b25) (build 1.8.0_40-b25)
# Java VM: Java HotSpot(TM) 64-Bit Server VM (25.40-b25 mixed mode windows-amd64 compressed oops)
Heap:
 PSYoungGen      total 324608K, used 224432K [0x00000000e0000000, 0x00000000f7600000, 0x0000000100000000)
  eden space 294912K, 69% used [0x00000000e0000000,0x00000000ec995ab0,0x00000000f2000000)
  from space 29696K, 60% used [0x00000000f2000000,0x00000000f3196838,0x00000000f3d00000)
  to   space 29696K, 0% used [0x00000000f5900000,0x00000000f5900000,0x00000000f7600000)
 ParOldGen       total 167424K, used 34712K [0x00000000a0000000, 0x00000000aa380000, 0x00000000e0000000)
  object space 167424K, 20% used [0x00000000a0000000,0x00000000a21e6000,0x00000000aa380000)
 Metaspace       used 76551K, capacity 81706K, committed 81920K, reserved 1120256K
  class space    used 10174K, capacity 11003K, committed 11008K, reserved 1048576K
GC Heap History (10 events):
Event: 11.416 GC heap before
{Heap before GC invocations=10 (full 2):
 PSYoungGen      total 219136K, used 101697K [0x00000000e0000000, 0x00000000f3400000, 0x0000000100000000)
  eden space 202752K, 42% used [0x00000000e0000000,0x00000000e5353248,0x00000000ec600000)
  from space 16384K, 99% used [0x00000000ec600000,0x00000000ed5fd2a8,0x00000000ed600000)
  to   space 24064K, 0% used [0x00000000f1c80000,0x00000000f1c80000,0x00000000f3400000)
 ParOldGen       total 111616K, used 27000K [0x00000000a0000000, 0x00000000a6d00000, 0x00000000e0000000)
  object space 111616K, 24% used [0x00000000a0000000,0x00000000a1a5e070,0x00000000a6d00000)
 Metaspace       used 56859K, capacity 58902K, committed 59028K, reserved 1099776K
  class space    used 7913K, capacity 8374K, committed 8448K, reserved 1048576K
Event: 11.438 GC heap after
Heap after GC invocations=10 (full 2):
 PSYoungGen      total 287232K, used 20178K [0x00000000e0000000, 0x00000000f3400000, 0x0000000100000000)
  eden space 263168K, 0% used [0x00000000e0000000,0x00000000e0000000,0x00000000f0100000)
  from space 24064K, 83% used [0x00000000f1c80000,0x00000000f3034af8,0x00000000f3400000)
  to   space 26112K, 0% used [0x00000000f0100000,0x00000000f0100000,0x00000000f1a80000)
 ParOldGen       total 111616K, used 27072K [0x00000000a0000000, 0x00000000a6d00000, 0x00000000e0000000)
  object space 111616K, 24% used [0x00000000a0000000,0x00000000a1a70080,0x00000000a6d00000)
 Metaspace       used 56859K, capacity 58902K, committed 59028K, reserved 1099776K
  class space    used 7913K, capacity 8374K, committed 8448K, reserved 1048576K
}
Event: 11.438 GC heap before
{Heap before GC invocations=11 (full 3):
 PSYoungGen      total 287232K, used 20178K [0x00000000e0000000, 0x00000000f3400000, 0x0000000100000000)
  eden space 263168K, 0% used [0x00000000e0000000,0x00000000e0000000,0x00000000f0100000)
  from space 24064K, 83% used [0x00000000f1c80000,0x00000000f3034af8,0x00000000f3400000)
  to   space 26112K, 0% used [0x00000000f0100000,0x00000000f0100000,0x00000000f1a80000)
 ParOldGen       total 111616K, used 27072K [0x00000000a0000000, 0x00000000a6d00000, 0x00000000e0000000)
  object space 111616K, 24% used [0x00000000a0000000,0x00000000a1a70080,0x00000000a6d00000)
 Metaspace       used 56859K, capacity 58902K, committed 59028K, reserved 1099776K
  class space    used 7913K, capacity 8374K, committed 8448K, reserved 1048576K
Event: 11.679 GC heap after
Heap after GC invocations=11 (full 3):
 PSYoungGen      total 287232K, used 0K [0x00000000e0000000, 0x00000000f3400000, 0x0000000100000000)
  eden space 263168K, 0% used [0x00000000e0000000,0x00000000e0000000,0x00000000f0100000)
  from space 24064K, 0% used [0x00000000f1c80000,0x00000000f1c80000,0x00000000f3400000)
  to   space 26112K, 0% used [0x00000000f0100000,0x00000000f0100000,0x00000000f1a80000)
 ParOldGen       total 167424K, used 34688K [0x00000000a0000000, 0x00000000aa380000, 0x00000000e0000000)
  object space 167424K, 20% used [0x00000000a0000000,0x00000000a21e0000,0x00000000aa380000)
 Metaspace       used 56859K, capacity 58902K, committed 59028K, reserved 1099776K
  class space    used 7913K, capacity 8374K, committed 8448K, reserved 1048576K
}
Event: 17.680 GC heap before
{Heap before GC invocations=12 (full 3):
 PSYoungGen      total 287232K, used 263168K [0x00000000e0000000, 0x00000000f3400000, 0x0000000100000000)
  eden space 263168K, 100% used [0x00000000e0000000,0x00000000f0100000,0x00000000f0100000)
  from space 24064K, 0% used [0x00000000f1c80000,0x00000000f1c80000,0x00000000f3400000)
  to   space 26112K, 0% used [0x00000000f0100000,0x00000000f0100000,0x00000000f1a80000)
 ParOldGen       total 167424K, used 34688K [0x00000000a0000000, 0x00000000aa380000, 0x00000000e0000000)
  object space 167424K, 20% used [0x00000000a0000000,0x00000000a21e0000,0x00000000aa380000)
 Metaspace       used 66498K, capacity 69352K, committed 69504K, reserved 1110016K
  class space    used 9194K, capacity 9780K, committed 9856K, reserved 1048576K
Event: 17.725 GC heap after
Heap after GC invocations=12 (full 3):
 PSYoungGen      total 289280K, used 19891K [0x00000000e0000000, 0x00000000f5d80000, 0x0000000100000000)
  eden space 263168K, 0% used [0x00000000e0000000,0x00000000e0000000,0x00000000f0100000)
  from space 26112K, 76% used [0x00000000f0100000,0x00000000f146cef8,0x00000000f1a80000)
  to   space 27648K, 0% used [0x00000000f4280000,0x00000000f4280000,0x00000000f5d80000)
 ParOldGen       total 167424K, used 34696K [0x00000000a0000000, 0x00000000aa380000, 0x00000000e0000000)
  object space 167424K, 20% used [0x00000000a0000000,0x00000000a21e2000,0x00000000aa380000)
 Metaspace       used 66498K, capacity 69352K, committed 69504K, reserved 1110016K
  class space    used 9194K, capacity 9780K, committed 9856K, reserved 1048576K
}
Event: 355.535 GC heap before
{Heap before GC invocations=13 (full 3):
 PSYoungGen      total 289280K, used 283059K [0x00000000e0000000, 0x00000000f5d80000, 0x0000000100000000)
  eden space 263168K, 100% used [0x00000000e0000000,0x00000000f0100000,0x00000000f0100000)
  from space 26112K, 76% used [0x00000000f0100000,0x00000000f146cef8,0x00000000f1a80000)
  to   space 27648K, 0% used [0x00000000f4280000,0x00000000f4280000,0x00000000f5d80000)
 ParOldGen       total 167424K, used 34696K [0x00000000a0000000, 0x00000000aa380000, 0x00000000e0000000)
  object space 167424K, 20% used [0x00000000a0000000,0x00000000a21e2000,0x00000000aa380000)
 Metaspace       used 71166K, capacity 74958K, committed 75136K, reserved 1114112K
  class space    used 9584K, capacity 10275K, committed 10368K, reserved 1048576K
Event: 355.567 GC heap after
Heap after GC invocations=13 (full 3):
 PSYoungGen      total 318976K, used 23064K [0x00000000e0000000, 0x00000000f5a00000, 0x0000000100000000)
  eden space 294912K, 0% used [0x00000000e0000000,0x00000000e0000000,0x00000000f2000000)
  from space 24064K, 95% used [0x00000000f4280000,0x00000000f5906398,0x00000000f5a00000)
  to   space 29696K, 0% used [0x00000000f2000000,0x00000000f2000000,0x00000000f3d00000)
 ParOldGen       total 167424K, used 34704K [0x00000000a0000000, 0x00000000aa380000, 0x00000000e0000000)
  object space 167424K, 20% used [0x00000000a0000000,0x00000000a21e4000,0x00000000aa380000)
 Metaspace       used 71166K, capacity 74958K, committed 75136K, reserved 1114112K
  class space    used 9584K, capacity 10275K, committed 10368K, reserved 1048576K
}
Event: 398.163 GC heap before
{Heap before GC invocations=14 (full 3):
 PSYoungGen      total 318976K, used 317976K [0x00000000e0000000, 0x00000000f5a00000, 0x0000000100000000)
  eden space 294912K, 100% used [0x00000000e0000000,0x00000000f2000000,0x00000000f2000000)
  from space 24064K, 95% used [0x00000000f4280000,0x00000000f5906398,0x00000000f5a00000)
  to   space 29696K, 0% used [0x00000000f2000000,0x00000000f2000000,0x00000000f3d00000)
 ParOldGen       total 167424K, used 34704K [0x00000000a0000000, 0x00000000aa380000, 0x00000000e0000000)
  object space 167424K, 20% used [0x00000000a0000000,0x00000000a21e4000,0x00000000aa380000)
 Metaspace       used 72784K, capacity 77154K, committed 77440K, reserved 1116160K
  class space    used 9785K, capacity 10534K, committed 10624K, reserved 1048576K
Event: 398.198 GC heap after
Heap after GC invocations=14 (full 3):
 PSYoungGen      total 324608K, used 18010K [0x00000000e0000000, 0x00000000f7600000, 0x0000000100000000)
  eden space 294912K, 0% used [0x00000000e0000000,0x00000000e0000000,0x00000000f2000000)
  from space 29696K, 60% used [0x00000000f2000000,0x00000000f3196838,0x00000000f3d00000)
  to   space 29696K, 0% used [0x00000000f5900000,0x00000000f5900000,0x00000000f7600000)
 ParOldGen       total 167424K, used 34712K [0x00000000a0000000, 0x00000000aa380000, 0x00000000e0000000)
  object space 167424K, 20% used [0x00000000a0000000,0x00000000a21e6000,0x00000000aa380000)
 Metaspace       used 72784K, capacity 77154K, committed 77440K, reserved 1116160K
  class space    used 9785K, capacity 10534K, committed 10624K, reserved 1048576K
}

