# JRE version: Java(TM) SE Runtime Environment (8.0_40-b25) (build 1.8.0_40-b25)
# Java VM: Java HotSpot(TM) 64-Bit Server VM (25.40-b25 mixed mode windows-amd64 compressed oops)
Heap:
 PSYoungGen      total 382464K, used 213153K [0x00000000e0000000, 0x00000000fa180000, 0x0000000100000000)
  eden space 346624K, 56% used [0x00000000e0000000,0x00000000ec039178,0x00000000f5280000)
  from space 35840K, 45% used [0x00000000f7e80000,0x00000000f8e6f450,0x00000000fa180000)
  to   space 40448K, 0% used [0x00000000f5280000,0x00000000f5280000,0x00000000f7a00000)
 ParOldGen       total 201728K, used 75108K [0x00000000a0000000, 0x00000000ac500000, 0x00000000e0000000)
  object space 201728K, 37% used [0x00000000a0000000,0x00000000a4959160,0x00000000ac500000)
 Metaspace       used 100680K, capacity 106002K, committed 106240K, reserved 1142784K
  class space    used 12880K, capacity 13811K, committed 13824K, reserved 1048576K
GC Heap History (10 events):
Event: 534.758 GC heap before
{Heap before GC invocations=36 (full 4):
 PSYoungGen      total 323072K, used 305864K [0x00000000e0000000, 0x00000000f7300000, 0x0000000100000000)
  eden space 291840K, 99% used [0x00000000e0000000,0x00000000f1ccb3c8,0x00000000f1d00000)
  from space 31232K, 45% used [0x00000000f1d00000,0x00000000f2ae6ff0,0x00000000f3b80000)
  to   space 30720K, 0% used [0x00000000f5500000,0x00000000f5500000,0x00000000f7300000)
 ParOldGen       total 201728K, used 59071K [0x00000000a0000000, 0x00000000ac500000, 0x00000000e0000000)
  object space 201728K, 29% used [0x00000000a0000000,0x00000000a39afd60,0x00000000ac500000)
 Metaspace       used 97699K, capacity 102342K, committed 102528K, reserved 1138688K
  class space    used 12489K, capacity 13323K, committed 13440K, reserved 1048576K
Event: 534.831 GC heap after
Heap after GC invocations=36 (full 4):
 PSYoungGen      total 339968K, used 30695K [0x00000000e0000000, 0x00000000f8780000, 0x0000000100000000)
  eden space 309248K, 0% used [0x00000000e0000000,0x00000000e0000000,0x00000000f2e00000)
  from space 30720K, 99% used [0x00000000f5500000,0x00000000f72f9f48,0x00000000f7300000)
  to   space 39936K, 0% used [0x00000000f2e00000,0x00000000f2e00000,0x00000000f5500000)
 ParOldGen       total 201728K, used 75076K [0x00000000a0000000, 0x00000000ac500000, 0x00000000e0000000)
  object space 201728K, 37% used [0x00000000a0000000,0x00000000a4951160,0x00000000ac500000)
 Metaspace       used 97699K, capacity 102342K, committed 102528K, reserved 1138688K
  class space    used 12489K, capacity 13323K, committed 13440K, reserved 1048576K
}
Event: 805.309 GC heap before
{Heap before GC invocations=37 (full 4):
 PSYoungGen      total 339968K, used 339698K [0x00000000e0000000, 0x00000000f8780000, 0x0000000100000000)
  eden space 309248K, 99% used [0x00000000e0000000,0x00000000f2dc2a08,0x00000000f2e00000)
  from space 30720K, 99% used [0x00000000f5500000,0x00000000f72f9f48,0x00000000f7300000)
  to   space 39936K, 0% used [0x00000000f2e00000,0x00000000f2e00000,0x00000000f5500000)
 ParOldGen       total 201728K, used 75076K [0x00000000a0000000, 0x00000000ac500000, 0x00000000e0000000)
  object space 201728K, 37% used [0x00000000a0000000,0x00000000a4951160,0x00000000ac500000)
 Metaspace       used 99525K, capacity 104562K, committed 104832K, reserved 1140736K
  class space    used 12773K, capacity 13671K, committed 13696K, reserved 1048576K
Event: 805.359 GC heap after
Heap after GC invocations=37 (full 4):
 PSYoungGen      total 349184K, used 29678K [0x00000000e0000000, 0x00000000f9400000, 0x0000000100000000)
  eden space 309248K, 0% used [0x00000000e0000000,0x00000000e0000000,0x00000000f2e00000)
  from space 39936K, 74% used [0x00000000f2e00000,0x00000000f4afba30,0x00000000f5500000)
  to   space 41472K, 0% used [0x00000000f6b80000,0x00000000f6b80000,0x00000000f9400000)
 ParOldGen       total 201728K, used 75084K [0x00000000a0000000, 0x00000000ac500000, 0x00000000e0000000)
  object space 201728K, 37% used [0x00000000a0000000,0x00000000a4953160,0x00000000ac500000)
 Metaspace       used 99525K, capacity 104562K, committed 104832K, reserved 1140736K
  class space    used 12773K, capacity 13671K, committed 13696K, reserved 1048576K
}
Event: 810.780 GC heap before
{Heap before GC invocations=38 (full 4):
 PSYoungGen      total 349184K, used 338926K [0x00000000e0000000, 0x00000000f9400000, 0x0000000100000000)
  eden space 309248K, 100% used [0x00000000e0000000,0x00000000f2e00000,0x00000000f2e00000)
  from space 39936K, 74% used [0x00000000f2e00000,0x00000000f4afba30,0x00000000f5500000)
  to   space 41472K, 0% used [0x00000000f6b80000,0x00000000f6b80000,0x00000000f9400000)
 ParOldGen       total 201728K, used 75084K [0x00000000a0000000, 0x00000000ac500000, 0x00000000e0000000)
  object space 201728K, 37% used [0x00000000a0000000,0x00000000a4953160,0x00000000ac500000)
 Metaspace       used 100002K, capacity 105152K, committed 105472K, reserved 1140736K
  class space    used 12828K, capacity 13726K, committed 13824K, reserved 1048576K
Event: 810.806 GC heap after
Heap after GC invocations=38 (full 4):
 PSYoungGen      total 365056K, used 23374K [0x00000000e0000000, 0x00000000f8f80000, 0x0000000100000000)
  eden space 328192K, 0% used [0x00000000e0000000,0x00000000e0000000,0x00000000f4080000)
  from space 36864K, 63% used [0x00000000f6b80000,0x00000000f8253ad0,0x00000000f8f80000)
  to   space 40448K, 0% used [0x00000000f4080000,0x00000000f4080000,0x00000000f6800000)
 ParOldGen       total 201728K, used 75092K [0x00000000a0000000, 0x00000000ac500000, 0x00000000e0000000)
  object space 201728K, 37% used [0x00000000a0000000,0x00000000a4955160,0x00000000ac500000)
 Metaspace       used 100002K, capacity 105152K, committed 105472K, reserved 1140736K
  class space    used 12828K, capacity 13726K, committed 13824K, reserved 1048576K
}
Event: 814.492 GC heap before
{Heap before GC invocations=39 (full 4):
 PSYoungGen      total 365056K, used 351412K [0x00000000e0000000, 0x00000000f8f80000, 0x0000000100000000)
  eden space 328192K, 99% used [0x00000000e0000000,0x00000000f4059608,0x00000000f4080000)
  from space 36864K, 63% used [0x00000000f6b80000,0x00000000f8253ad0,0x00000000f8f80000)
  to   space 40448K, 0% used [0x00000000f4080000,0x00000000f4080000,0x00000000f6800000)
 ParOldGen       total 201728K, used 75092K [0x00000000a0000000, 0x00000000ac500000, 0x00000000e0000000)
  object space 201728K, 37% used [0x00000000a0000000,0x00000000a4955160,0x00000000ac500000)
 Metaspace       used 100171K, capacity 105274K, committed 105472K, reserved 1140736K
  class space    used 12838K, capacity 13737K, committed 13824K, reserved 1048576K
Event: 814.550 GC heap after
Heap after GC invocations=39 (full 4):
 PSYoungGen      total 368640K, used 28544K [0x00000000e0000000, 0x00000000fa680000, 0x0000000100000000)
  eden space 328192K, 0% used [0x00000000e0000000,0x00000000e0000000,0x00000000f4080000)
  from space 40448K, 70% used [0x00000000f4080000,0x00000000f5c602b8,0x00000000f6800000)
  to   space 40960K, 0% used [0x00000000f7e80000,0x00000000f7e80000,0x00000000fa680000)
 ParOldGen       total 201728K, used 75100K [0x00000000a0000000, 0x00000000ac500000, 0x00000000e0000000)
  object space 201728K, 37% used [0x00000000a0000000,0x00000000a4957160,0x00000000ac500000)
 Metaspace       used 100171K, capacity 105274K, committed 105472K, reserved 1140736K
  class space    used 12838K, capacity 13737K, committed 13824K, reserved 1048576K
}
Event: 967.179 GC heap before
{Heap before GC invocations=40 (full 4):
 PSYoungGen      total 368640K, used 356736K [0x00000000e0000000, 0x00000000fa680000, 0x0000000100000000)
  eden space 328192K, 100% used [0x00000000e0000000,0x00000000f4080000,0x00000000f4080000)
  from space 40448K, 70% used [0x00000000f4080000,0x00000000f5c602b8,0x00000000f6800000)
  to   space 40960K, 0% used [0x00000000f7e80000,0x00000000f7e80000,0x00000000fa680000)
 ParOldGen       total 201728K, used 75100K [0x00000000a0000000, 0x00000000ac500000, 0x00000000e0000000)
  object space 201728K, 37% used [0x00000000a0000000,0x00000000a4957160,0x00000000ac500000)
 Metaspace       used 100450K, capacity 105582K, committed 105728K, reserved 1140736K
  class space    used 12858K, capacity 13773K, committed 13824K, reserved 1048576K
Event: 967.202 GC heap after
Heap after GC invocations=40 (full 4):
 PSYoungGen      total 382464K, used 16317K [0x00000000e0000000, 0x00000000fa180000, 0x0000000100000000)
  eden space 346624K, 0% used [0x00000000e0000000,0x00000000e0000000,0x00000000f5280000)
  from space 35840K, 45% used [0x00000000f7e80000,0x00000000f8e6f450,0x00000000fa180000)
  to   space 40448K, 0% used [0x00000000f5280000,0x00000000f5280000,0x00000000f7a00000)
 ParOldGen       total 201728K, used 75108K [0x00000000a0000000, 0x00000000ac500000, 0x00000000e0000000)
  object space 201728K, 37% used [0x00000000a0000000,0x00000000a4959160,0x00000000ac500000)
 Metaspace       used 100450K, capacity 105582K, committed 105728K, reserved 1140736K
  class space    used 12858K, capacity 13773K, committed 13824K, reserved 1048576K
}

